[debug] [2025-01-01T09:43:46.364Z] ----------------------------------------------------------------------
[debug] [2025-01-01T09:43:46.367Z] Command:       C:\Program Files\nodejs\node.exe C:\Users\Jeremy\AppData\Roaming\npm\node_modules\firebase-tools\lib\bin\firebase.js init
[debug] [2025-01-01T09:43:46.367Z] CLI Version:   13.29.1
[debug] [2025-01-01T09:43:46.368Z] Platform:      win32
[debug] [2025-01-01T09:43:46.368Z] Node Version:  v22.12.0
[debug] [2025-01-01T09:43:46.368Z] Time:          Wed Jan 01 2025 01:43:46 GMT-0800 (Pacific Standard Time)
[debug] [2025-01-01T09:43:46.368Z] ----------------------------------------------------------------------
[debug] 
[debug] [2025-01-01T09:43:46.377Z] > command requires scopes: ["email","openid","https://www.googleapis.com/auth/cloudplatformprojects.readonly","https://www.googleapis.com/auth/firebase","https://www.googleapis.com/auth/cloud-platform"]
[debug] [2025-01-01T09:43:46.377Z] > authorizing via signed-in user (musicisforthesoul420@gmail.com)
[info] 
     ######## #### ########  ######## ########     ###     ######  ########
     ##        ##  ##     ## ##       ##     ##  ##   ##  ##       ##
     ######    ##  ########  ######   ########  #########  ######  ######
     ##        ##  ##    ##  ##       ##     ## ##     ##       ## ##
     ##       #### ##     ## ######## ########  ##     ##  ######  ########

You're about to initialize a Firebase project in this directory:

  C:\Users\Jeremy\CascadeProjects\windsurf-project

[info] 
=== Project Setup
[info] 
[info] First, let's associate this project directory with a Firebase project.
[info] You can create multiple project aliases by running firebase use --add, 
[info] but for now we'll just set up a default project.
[info] 
[debug] [2025-01-01T09:44:01.335Z] Checked if tokens are valid: true, expires at: 1735727451031
[debug] [2025-01-01T09:44:01.335Z] Checked if tokens are valid: true, expires at: 1735727451031
[debug] [2025-01-01T09:44:01.337Z] >>> [apiv2][query] GET https://firebase.googleapis.com/v1beta1/projects pageSize=100
[debug] [2025-01-01T09:44:01.765Z] <<< [apiv2][status] GET https://firebase.googleapis.com/v1beta1/projects 200
[debug] [2025-01-01T09:44:01.765Z] <<< [apiv2][body] GET https://firebase.googleapis.com/v1beta1/projects [omitted]
[info] i  Using project adult-content-platform (adult-content-platform) 
[info] 
=== Firestore Setup
[debug] [2025-01-01T09:44:02.947Z] Checked if tokens are valid: true, expires at: 1735727451031
[debug] [2025-01-01T09:44:02.947Z] Checked if tokens are valid: true, expires at: 1735727451031
[debug] [2025-01-01T09:44:02.947Z] >>> [apiv2][query] GET https://serviceusage.googleapis.com/v1/projects/adult-content-platform/services/firestore.googleapis.com [none]
[debug] [2025-01-01T09:44:02.947Z] >>> [apiv2][(partial)header] GET https://serviceusage.googleapis.com/v1/projects/adult-content-platform/services/firestore.googleapis.com x-goog-quota-user=projects/adult-content-platform
[debug] [2025-01-01T09:44:03.480Z] <<< [apiv2][status] GET https://serviceusage.googleapis.com/v1/projects/adult-content-platform/services/firestore.googleapis.com 200
[debug] [2025-01-01T09:44:03.480Z] <<< [apiv2][body] GET https://serviceusage.googleapis.com/v1/projects/adult-content-platform/services/firestore.googleapis.com [omitted]
[debug] [2025-01-01T09:44:03.480Z] Checked if tokens are valid: true, expires at: 1735727451031
[debug] [2025-01-01T09:44:03.480Z] Checked if tokens are valid: true, expires at: 1735727451031
[debug] [2025-01-01T09:44:03.480Z] >>> [apiv2][query] GET https://firestore.googleapis.com/v1/projects/adult-content-platform/databases/(default) [none]
[debug] [2025-01-01T09:44:03.934Z] <<< [apiv2][status] GET https://firestore.googleapis.com/v1/projects/adult-content-platform/databases/(default) 200
[debug] [2025-01-01T09:44:03.935Z] <<< [apiv2][body] GET https://firestore.googleapis.com/v1/projects/adult-content-platform/databases/(default) {"name":"projects/adult-content-platform/databases/(default)","uid":"578fb00c-bd2b-4b61-a3e4-99e58cadacdf","createTime":"2025-01-01T09:38:17.871972Z","updateTime":"2025-01-01T09:38:17.871972Z","locationId":"nam5","type":"FIRESTORE_NATIVE","concurrencyMode":"PESSIMISTIC","versionRetentionPeriod":"3600s","earliestVersionTime":"2025-01-01T09:38:17.871972Z","appEngineIntegrationMode":"DISABLED","keyPrefix":"s","pointInTimeRecoveryEnablement":"POINT_IN_TIME_RECOVERY_DISABLED","deleteProtectionState":"DELETE_PROTECTION_DISABLED","etag":"ILH84Zae1IoDMOTEz/Gc1IoD"}
[debug] [2025-01-01T09:44:03.935Z] database_type: FIRESTORE_NATIVE
[debug] [2025-01-01T09:44:03.935Z] database_type: FIRESTORE_NATIVE
[debug] [2025-01-01T09:44:03.935Z] > command requires scopes: ["email","openid","https://www.googleapis.com/auth/cloudplatformprojects.readonly","https://www.googleapis.com/auth/firebase","https://www.googleapis.com/auth/cloud-platform"]
[debug] [2025-01-01T09:44:03.936Z] > authorizing via signed-in user (musicisforthesoul420@gmail.com)
[debug] [2025-01-01T09:44:03.936Z] [iam] checking project adult-content-platform for permissions ["firebase.projects.get"]
[debug] [2025-01-01T09:44:03.936Z] Checked if tokens are valid: true, expires at: 1735727451031
[debug] [2025-01-01T09:44:03.936Z] Checked if tokens are valid: true, expires at: 1735727451031
[debug] [2025-01-01T09:44:03.936Z] >>> [apiv2][query] POST https://cloudresourcemanager.googleapis.com/v1/projects/adult-content-platform:testIamPermissions [none]
[debug] [2025-01-01T09:44:03.937Z] >>> [apiv2][(partial)header] POST https://cloudresourcemanager.googleapis.com/v1/projects/adult-content-platform:testIamPermissions x-goog-quota-user=projects/adult-content-platform
[debug] [2025-01-01T09:44:03.937Z] >>> [apiv2][body] POST https://cloudresourcemanager.googleapis.com/v1/projects/adult-content-platform:testIamPermissions {"permissions":["firebase.projects.get"]}
[debug] [2025-01-01T09:44:04.373Z] <<< [apiv2][status] POST https://cloudresourcemanager.googleapis.com/v1/projects/adult-content-platform:testIamPermissions 200
[debug] [2025-01-01T09:44:04.373Z] <<< [apiv2][body] POST https://cloudresourcemanager.googleapis.com/v1/projects/adult-content-platform:testIamPermissions {"permissions":["firebase.projects.get"]}
[info] 
[info] Firestore Security Rules allow you to define how and when to allow
[info] requests. You can keep these rules in your project directory
[info] and publish them with firebase deploy.
[info] 
[debug] [2025-01-01T09:44:14.641Z] Checked if tokens are valid: true, expires at: 1735727451031
[debug] [2025-01-01T09:44:14.641Z] Checked if tokens are valid: true, expires at: 1735727451031
[debug] [2025-01-01T09:44:14.642Z] >>> [apiv2][query] GET https://firebaserules.googleapis.com/v1/projects/adult-content-platform/releases pageSize=10&pageToken=
[debug] [2025-01-01T09:44:15.079Z] <<< [apiv2][status] GET https://firebaserules.googleapis.com/v1/projects/adult-content-platform/releases 200
[debug] [2025-01-01T09:44:15.079Z] <<< [apiv2][body] GET https://firebaserules.googleapis.com/v1/projects/adult-content-platform/releases {"releases":[{"name":"projects/adult-content-platform/releases/cloud.firestore","rulesetName":"projects/adult-content-platform/rulesets/bcfe4d7c-1238-494b-a25c-a0a1859f0cc1","createTime":"2025-01-01T09:38:22.726924Z","updateTime":"2025-01-01T09:38:22.726924Z"}]}
[debug] [2025-01-01T09:44:15.079Z] Found ruleset: projects/adult-content-platform/rulesets/bcfe4d7c-1238-494b-a25c-a0a1859f0cc1
[debug] [2025-01-01T09:44:15.080Z] Checked if tokens are valid: true, expires at: 1735727451031
[debug] [2025-01-01T09:44:15.080Z] Checked if tokens are valid: true, expires at: 1735727451031
[debug] [2025-01-01T09:44:15.080Z] >>> [apiv2][query] GET https://firebaserules.googleapis.com/v1/projects/adult-content-platform/rulesets/bcfe4d7c-1238-494b-a25c-a0a1859f0cc1 [none]
[debug] [2025-01-01T09:44:15.398Z] <<< [apiv2][status] GET https://firebaserules.googleapis.com/v1/projects/adult-content-platform/rulesets/bcfe4d7c-1238-494b-a25c-a0a1859f0cc1 200
[debug] [2025-01-01T09:44:15.398Z] <<< [apiv2][body] GET https://firebaserules.googleapis.com/v1/projects/adult-content-platform/rulesets/bcfe4d7c-1238-494b-a25c-a0a1859f0cc1 [omitted]
[info] 
[info] Firestore indexes allow you to perform complex queries while
[info] maintaining performance that scales with the size of the result
[info] set. You can keep index definitions in your project directory
[info] and publish them with firebase deploy.
[info] 
[debug] [2025-01-01T09:44:18.831Z] Checked if tokens are valid: true, expires at: 1735727451031
[debug] [2025-01-01T09:44:18.831Z] Checked if tokens are valid: true, expires at: 1735727451031
[debug] [2025-01-01T09:44:18.832Z] Checked if tokens are valid: true, expires at: 1735727451031
[debug] [2025-01-01T09:44:18.832Z] Checked if tokens are valid: true, expires at: 1735727451031
[debug] [2025-01-01T09:44:18.832Z] >>> [apiv2][query] GET https://firestore.googleapis.com/v1/projects/adult-content-platform/databases/(default)/collectionGroups/-/indexes [none]
[debug] [2025-01-01T09:44:18.834Z] >>> [apiv2][query] GET https://firestore.googleapis.com/v1/projects/adult-content-platform/databases/(default)/collectionGroups/-/fields?filter=indexConfig.usesAncestorConfig=false OR ttlConfig:* [none]
[debug] [2025-01-01T09:44:19.249Z] <<< [apiv2][status] GET https://firestore.googleapis.com/v1/projects/adult-content-platform/databases/(default)/collectionGroups/-/indexes 200
[debug] [2025-01-01T09:44:19.249Z] <<< [apiv2][body] GET https://firestore.googleapis.com/v1/projects/adult-content-platform/databases/(default)/collectionGroups/-/indexes {}
[debug] [2025-01-01T09:44:19.675Z] <<< [apiv2][status] GET https://firestore.googleapis.com/v1/projects/adult-content-platform/databases/(default)/collectionGroups/-/fields?filter=indexConfig.usesAncestorConfig=false OR ttlConfig:* 200
[debug] [2025-01-01T09:44:19.675Z] <<< [apiv2][body] GET https://firestore.googleapis.com/v1/projects/adult-content-platform/databases/(default)/collectionGroups/-/fields?filter=indexConfig.usesAncestorConfig=false OR ttlConfig:* {"fields":[{"name":"projects/adult-content-platform/databases/(default)/collectionGroups/__default__/fields/*","indexConfig":{"indexes":[{"queryScope":"COLLECTION","fields":[{"fieldPath":"*","order":"ASCENDING"}],"state":"READY"},{"queryScope":"COLLECTION","fields":[{"fieldPath":"*","order":"DESCENDING"}],"state":"READY"},{"queryScope":"COLLECTION","fields":[{"fieldPath":"*","arrayConfig":"CONTAINS"}],"state":"READY"}]}}]}
[info] 
=== Functions Setup
[debug] [2025-01-01T09:44:19.677Z] > command requires scopes: ["email","openid","https://www.googleapis.com/auth/cloudplatformprojects.readonly","https://www.googleapis.com/auth/firebase","https://www.googleapis.com/auth/cloud-platform"]
[debug] [2025-01-01T09:44:19.677Z] > authorizing via signed-in user (musicisforthesoul420@gmail.com)
[debug] [2025-01-01T09:44:19.677Z] [iam] checking project adult-content-platform for permissions ["firebase.projects.get"]
[debug] [2025-01-01T09:44:19.678Z] Checked if tokens are valid: true, expires at: 1735727451031
[debug] [2025-01-01T09:44:19.678Z] Checked if tokens are valid: true, expires at: 1735727451031
[debug] [2025-01-01T09:44:19.678Z] >>> [apiv2][query] POST https://cloudresourcemanager.googleapis.com/v1/projects/adult-content-platform:testIamPermissions [none]
[debug] [2025-01-01T09:44:19.678Z] >>> [apiv2][(partial)header] POST https://cloudresourcemanager.googleapis.com/v1/projects/adult-content-platform:testIamPermissions x-goog-quota-user=projects/adult-content-platform
[debug] [2025-01-01T09:44:19.678Z] >>> [apiv2][body] POST https://cloudresourcemanager.googleapis.com/v1/projects/adult-content-platform:testIamPermissions {"permissions":["firebase.projects.get"]}
[debug] [2025-01-01T09:44:19.827Z] <<< [apiv2][status] POST https://cloudresourcemanager.googleapis.com/v1/projects/adult-content-platform:testIamPermissions 200
[debug] [2025-01-01T09:44:19.827Z] <<< [apiv2][body] POST https://cloudresourcemanager.googleapis.com/v1/projects/adult-content-platform:testIamPermissions {"permissions":["firebase.projects.get"]}
[debug] [2025-01-01T09:44:19.827Z] Checked if tokens are valid: true, expires at: 1735727451031
[debug] [2025-01-01T09:44:19.827Z] Checked if tokens are valid: true, expires at: 1735727451031
[debug] [2025-01-01T09:44:19.827Z] Checked if tokens are valid: true, expires at: 1735727451031
[debug] [2025-01-01T09:44:19.827Z] Checked if tokens are valid: true, expires at: 1735727451031
[debug] [2025-01-01T09:44:19.827Z] >>> [apiv2][query] GET https://serviceusage.googleapis.com/v1/projects/adult-content-platform/services/cloudfunctions.googleapis.com [none]
[debug] [2025-01-01T09:44:19.827Z] >>> [apiv2][(partial)header] GET https://serviceusage.googleapis.com/v1/projects/adult-content-platform/services/cloudfunctions.googleapis.com x-goog-quota-user=projects/adult-content-platform
[debug] [2025-01-01T09:44:19.830Z] >>> [apiv2][query] GET https://serviceusage.googleapis.com/v1/projects/adult-content-platform/services/runtimeconfig.googleapis.com [none]
[debug] [2025-01-01T09:44:19.830Z] >>> [apiv2][(partial)header] GET https://serviceusage.googleapis.com/v1/projects/adult-content-platform/services/runtimeconfig.googleapis.com x-goog-quota-user=projects/adult-content-platform
[debug] [2025-01-01T09:44:20.038Z] <<< [apiv2][status] GET https://serviceusage.googleapis.com/v1/projects/adult-content-platform/services/runtimeconfig.googleapis.com 200
[debug] [2025-01-01T09:44:20.038Z] <<< [apiv2][body] GET https://serviceusage.googleapis.com/v1/projects/adult-content-platform/services/runtimeconfig.googleapis.com [omitted]
[debug] [2025-01-01T09:44:20.292Z] <<< [apiv2][status] GET https://serviceusage.googleapis.com/v1/projects/adult-content-platform/services/cloudfunctions.googleapis.com 200
[debug] [2025-01-01T09:44:20.292Z] <<< [apiv2][body] GET https://serviceusage.googleapis.com/v1/projects/adult-content-platform/services/cloudfunctions.googleapis.com [omitted]
[debug] [2025-01-01T09:44:20.292Z] Checked if tokens are valid: true, expires at: 1735727451031
[debug] [2025-01-01T09:44:20.292Z] Checked if tokens are valid: true, expires at: 1735727451031
[debug] [2025-01-01T09:44:20.293Z] >>> [apiv2][query] POST https://serviceusage.googleapis.com/v1/projects/adult-content-platform/services/cloudfunctions.googleapis.com:enable [none]
[debug] [2025-01-01T09:44:20.293Z] >>> [apiv2][(partial)header] POST https://serviceusage.googleapis.com/v1/projects/adult-content-platform/services/cloudfunctions.googleapis.com:enable x-goog-quota-user=projects/adult-content-platform
[debug] [2025-01-01T09:44:20.807Z] <<< [apiv2][status] POST https://serviceusage.googleapis.com/v1/projects/adult-content-platform/services/cloudfunctions.googleapis.com:enable 200
[debug] [2025-01-01T09:44:20.807Z] <<< [apiv2][body] POST https://serviceusage.googleapis.com/v1/projects/adult-content-platform/services/cloudfunctions.googleapis.com:enable [omitted]
[debug] [2025-01-01T09:44:30.815Z] Checked if tokens are valid: true, expires at: 1735727451031
[debug] [2025-01-01T09:44:30.815Z] Checked if tokens are valid: true, expires at: 1735727451031
[debug] [2025-01-01T09:44:30.816Z] >>> [apiv2][query] GET https://serviceusage.googleapis.com/v1/projects/adult-content-platform/services/cloudfunctions.googleapis.com [none]
[debug] [2025-01-01T09:44:30.816Z] >>> [apiv2][(partial)header] GET https://serviceusage.googleapis.com/v1/projects/adult-content-platform/services/cloudfunctions.googleapis.com x-goog-quota-user=projects/adult-content-platform
[debug] [2025-01-01T09:44:31.255Z] <<< [apiv2][status] GET https://serviceusage.googleapis.com/v1/projects/adult-content-platform/services/cloudfunctions.googleapis.com 200
[debug] [2025-01-01T09:44:31.256Z] <<< [apiv2][body] GET https://serviceusage.googleapis.com/v1/projects/adult-content-platform/services/cloudfunctions.googleapis.com [omitted]
[info] Let's create a new codebase for your functions.
[info] A directory corresponding to the codebase will be created in your project
[info] with sample code pre-configured.

[info] See https://firebase.google.com/docs/functions/organize-functions for
[info] more information on organizing your functions using codebases.

[info] Functions can be deployed with firebase deploy.

[info] +  Wrote functions/package.json 
[info] +  Wrote functions/.eslintrc.js 
[info] +  Wrote functions/index.js 
[info] +  Wrote functions/.gitignore 
[info] 
=== Hosting Setup
[debug] [2025-01-01T09:45:20.365Z] Checked if tokens are valid: true, expires at: 1735727451031
[debug] [2025-01-01T09:45:20.366Z] Checked if tokens are valid: true, expires at: 1735727451031
[debug] [2025-01-01T09:45:20.366Z] >>> [apiv2][query] GET https://firebase.googleapis.com/v1beta1/projects/adult-content-platform [none]
[debug] [2025-01-01T09:45:20.562Z] <<< [apiv2][status] GET https://firebase.googleapis.com/v1beta1/projects/adult-content-platform 200
[debug] [2025-01-01T09:45:20.562Z] <<< [apiv2][body] GET https://firebase.googleapis.com/v1beta1/projects/adult-content-platform {"projectId":"adult-content-platform","projectNumber":"75286773372","displayName":"adult-content-platform","name":"projects/adult-content-platform","resources":{"hostingSite":"adult-content-platform"},"state":"ACTIVE","etag":"1_1fc75861-b52a-4258-a6ab-8d917be4237a"}
[info] 
[info] Your public directory is the folder (relative to your project directory) that
[info] will contain Hosting assets to be uploaded with firebase deploy. If you
[info] have a build process for your assets, use your build's output directory.
[info] 
[info] +  Wrote public/404.html 
[debug] [2025-01-01T09:49:01.278Z] >>> [apiv2][query] GET https://www.gstatic.com/firebasejs/releases.json [none]
[debug] [2025-01-01T09:49:01.437Z] <<< [apiv2][status] GET https://www.gstatic.com/firebasejs/releases.json 200
[debug] [2025-01-01T09:49:01.437Z] <<< [apiv2][body] GET https://www.gstatic.com/firebasejs/releases.json {"current":{"version":"11.1.0","browserURL":"https://www.gstatic.com/firebasejs/11.1.0/firebase.js","packageURL":"https://www.gstatic.com/firebasejs/11.1.0/firebase.tgz"},"live":{"version":"11.1","browserURL":"https://www.gstatic.com/firebasejs/live/11.1/firebase.js","packageURL":"https://www.gstatic.com/firebasejs/live/11.1/firebase.tgz"},"components":{"analytics":"https://www.gstatic.com/firebasejs/11.1.0/firebase-analytics.js","app":"https://www.gstatic.com/firebasejs/11.1.0/firebase-app.js","app-check":"https://www.gstatic.com/firebasejs/11.1.0/firebase-app-check.js","auth":"https://www.gstatic.com/firebasejs/11.1.0/firebase-auth.js","auth/cordova":"https://www.gstatic.com/firebasejs/11.1.0/firebase-auth/cordova.js","auth/web-extension":"https://www.gstatic.com/firebasejs/11.1.0/firebase-auth/web-extension.js","functions":"https://www.gstatic.com/firebasejs/11.1.0/firebase-functions.js","firestore":"https://www.gstatic.com/firebasejs/11.1.0/firebase-firestore.js","firestore/lite":"https://www.gstatic.com/firebasejs/11.1.0/firebase-firestore/lite.js","installations":"https://www.gstatic.com/firebasejs/11.1.0/firebase-installations.js","storage":"https://www.gstatic.com/firebasejs/11.1.0/firebase-storage.js","performance":"https://www.gstatic.com/firebasejs/11.1.0/firebase-performance.js","remote-config":"https://www.gstatic.com/firebasejs/11.1.0/firebase-remote-config.js","messaging":"https://www.gstatic.com/firebasejs/11.1.0/firebase-messaging.js","messaging/sw":"https://www.gstatic.com/firebasejs/11.1.0/firebase-messaging/sw.js","database":"https://www.gstatic.com/firebasejs/11.1.0/firebase-database.js","vertexai":"https://www.gstatic.com/firebasejs/11.1.0/firebase-vertexai.js","data-connect":"https://www.gstatic.com/firebasejs/11.1.0/firebase-data-connect.js","firestore.memory":"https://www.gstatic.com/firebasejs/11.1.0/firebase-firestore.memory.js"}}
[info] i  Skipping write of public/index.html 
[info] 
[info] i  Didn't detect a .git folder. Assuming C:\Users\Jeremy\CascadeProjects\windsurf-project is the project root. 
[info] i  Authorizing with GitHub to upload your service account to a GitHub repository's secrets store. 
[info] 
[info] Visit this URL on this device to log in:
[info] https://github.com/login/oauth/authorize?client_id=89cf50f02ac6aaed3484&state=269512620&redirect_uri=http%3A%2F%2Flocalhost%3A9005&scope=read%3Auser%20repo%20public_repo
[info] 
[info] Waiting for authentication...
[debug] [2025-01-01T09:50:11.888Z] >>> [apiv2][query] POST https://github.com/login/oauth/access_token [none]
[debug] [2025-01-01T09:50:11.888Z] >>> [apiv2][body] POST https://github.com/login/oauth/access_token [stream]
[debug] [2025-01-01T09:50:12.257Z] <<< [apiv2][status] POST https://github.com/login/oauth/access_token 200
[debug] [2025-01-01T09:50:12.257Z] <<< [apiv2][body] POST https://github.com/login/oauth/access_token {"access_token":"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","token_type":"bearer","scope":"read:user,repo"}
[debug] [2025-01-01T09:50:12.262Z] >>> [apiv2][query] GET https://api.github.com/user [none]
[debug] [2025-01-01T09:50:12.551Z] <<< [apiv2][status] GET https://api.github.com/user 200
[debug] [2025-01-01T09:50:12.551Z] <<< [apiv2][body] GET https://api.github.com/user {"login":"DaflerJ35","id":176185834,"node_id":"U_kgDOCoBh6g","avatar_url":"https://avatars.githubusercontent.com/u/176185834?v=4","gravatar_id":"","url":"https://api.github.com/users/DaflerJ35","html_url":"https://github.com/DaflerJ35","followers_url":"https://api.github.com/users/DaflerJ35/followers","following_url":"https://api.github.com/users/DaflerJ35/following{/other_user}","gists_url":"https://api.github.com/users/DaflerJ35/gists{/gist_id}","starred_url":"https://api.github.com/users/DaflerJ35/starred{/owner}{/repo}","subscriptions_url":"https://api.github.com/users/DaflerJ35/subscriptions","organizations_url":"https://api.github.com/users/DaflerJ35/orgs","repos_url":"https://api.github.com/users/DaflerJ35/repos","events_url":"https://api.github.com/users/DaflerJ35/events{/privacy}","received_events_url":"https://api.github.com/users/DaflerJ35/received_events","type":"User","user_view_type":"private","site_admin":false,"name":"Jeremy Dafler","company":"Daflers AI Solutions","blog":"","location":"Spokane","email":"daflerjeremy35@hotmail.com","hireable":null,"bio":"I am new to developing stuff and coding 1 year experience with AI coding","twitter_username":null,"notification_email":"daflerjeremy35@hotmail.com","public_repos":10,"public_gists":0,"followers":0,"following":1,"created_at":"2024-07-21T00:01:11Z","updated_at":"2024-12-29T11:37:22Z","private_gists":0,"total_private_repos":2,"owned_private_repos":2,"disk_usage":118,"collaborators":0,"two_factor_authentication":true,"plan":{"name":"free","space":976562499,"collaborators":0,"private_repos":10000}}
[info] 
[info] +  Success! Logged into GitHub as DaflerJ35 
[info] 
